  0.694000006      -182.792816    
  0.718999982      -102.475243    
  0.797999978       158.311890    
  0.822000027       232.772186    
  0.847000003       304.703003    
  0.873000026       371.540466    
  0.555999994      -498.598206    
  0.579999983      -465.413513    
  0.182999998       217.639923    
  0.207000002       142.290375    
  0.231999993       60.4032593    
  0.256000012      -19.6239586    
  0.428999990      -479.142944    
  0.209000006       135.841690    
  0.607999980      -413.401733    
  0.240999997       30.4553299    
  0.391000003      -411.296875    
  0.426999986      -476.222748    
   3.90000008E-02   516.108215    
   7.50000030E-02   474.050171    
  0.851999998       318.244141    
  0.888999999       407.861603    
  0.335999995      -273.053009    
  0.372000009      -368.319214    
  0.894999981       420.440094    
  0.931999981       484.203186    
  0.637000024      -346.088470    
  0.694000006      -182.792816    
  0.731000006      -62.8979645    
  0.365000010      -351.127258    
  0.400999993      -431.598083    
  0.940999985       495.879120    
  0.976999998       526.447510    
  0.833000004       265.235291    
  0.880999982       390.193146    
  0.809000015       192.988861    
  0.846000016       301.958710    
  0.104000002       422.478821    
  0.913999975       456.253204    
  0.949999988       505.971558    
  0.635999978      -348.614777    
  0.671999991      -249.804260    
  0.975000024       525.444031    
  0.546999991      -508.154846    
  0.564000010      -488.762939    
  0.582000017      -462.158478    
  0.598999977      -431.598145    
  0.405999988      -441.114563    
  0.423000008      -470.157257    
  0.439999998      -493.836700    
  0.456999987      -511.882050    
  0.222000003       93.4496536    
  0.238999993       37.1220665    
  0.256999999      -22.9610920    
  0.273999989      -79.4451447    
  0.913999975       456.253204    
  0.930999994       482.809265    
  0.949000001       504.929535    
  0.966000021       519.904907    
  0.856000006       328.852081    
  0.873000026       371.540466    
  0.890999973       412.119781    
  0.907999992       445.622284    
